This is pdfTeX, Version 3.14159265-2.6-1.40.15 (TeX Live 2014/Arch Linux) (preloaded format=pdflatex 2014.9.29)  10 OCT 2014 20:53
entering extended mode
 restricted \write18 enabled.
 file:line:error style messages enabled.
 %&-line parsing enabled.
**lab_template.tex
(./lab_template.tex
LaTeX2e <2014/05/01>
Babel <3.9k> and hyphenation patterns for 79 languages loaded.
(/usr/share/texmf-dist/tex/latex/base/article.cls
Document Class: article 2007/10/19 v1.4h Standard LaTeX document class
(/usr/share/texmf-dist/tex/latex/base/size10.clo
File: size10.clo 2007/10/19 v1.4h Standard LaTeX file (size option)
)
\c@part=\count79
\c@section=\count80
\c@subsection=\count81
\c@subsubsection=\count82
\c@paragraph=\count83
\c@subparagraph=\count84
\c@figure=\count85
\c@table=\count86
\abovecaptionskip=\skip41
\belowcaptionskip=\skip42
\bibindent=\dimen102
) (/usr/share/texmf-dist/tex/latex/geometry/geometry.sty
Package: geometry 2010/09/12 v5.6 Page Geometry
(/usr/share/texmf-dist/tex/latex/graphics/keyval.sty
Package: keyval 2014/05/08 v1.15 key=value parser (DPC)
\KV@toks@=\toks14
) (/usr/share/texmf-dist/tex/generic/oberdiek/ifpdf.sty
Package: ifpdf 2011/01/30 v2.3 Provides the ifpdf switch (HO)
Package ifpdf Info: pdfTeX in PDF mode is detected.
) (/usr/share/texmf-dist/tex/generic/oberdiek/ifvtex.sty
Package: ifvtex 2010/03/01 v1.5 Detect VTeX and its facilities (HO)
Package ifvtex Info: VTeX not detected.
) (/usr/share/texmf-dist/tex/generic/ifxetex/ifxetex.sty
Package: ifxetex 2010/09/12 v0.6 Provides ifxetex conditional
)
\Gm@cnth=\count87
\Gm@cntv=\count88
\c@Gm@tempcnt=\count89
\Gm@bindingoffset=\dimen103
\Gm@wd@mp=\dimen104
\Gm@odd@mp=\dimen105
\Gm@even@mp=\dimen106
\Gm@layoutwidth=\dimen107
\Gm@layoutheight=\dimen108
\Gm@layouthoffset=\dimen109
\Gm@layoutvoffset=\dimen110
\Gm@dimlist=\toks15
) (./mcode.sty
-- Package: `mcode' 2.4 <2013/11/05> --
Package: mcode 2013/11/05 2.4
 - settings optimized for display (colour formating)
 - line numbering enabled
 - literate programming (character replacements) enabled
 - automatic line breaking enabled (careful, buggy!)
 - framed listings
(/usr/share/texmf-dist/tex/latex/xcolor/xcolor.sty
Package: xcolor 2007/01/21 v2.11 LaTeX color extensions (UK)
(/usr/share/texmf-dist/tex/latex/latexconfig/color.cfg
File: color.cfg 2007/01/18 v1.5 color configuration of teTeX/TeXLive
)
Package xcolor Info: Driver file: pdftex.def on input line 225.
(/usr/share/texmf-dist/tex/latex/pdftex-def/pdftex.def
File: pdftex.def 2011/05/27 v0.06d Graphics/color for pdfTeX
(/usr/share/texmf-dist/tex/generic/oberdiek/infwarerr.sty
Package: infwarerr 2010/04/08 v1.3 Providing info/warning/error messages (HO)
) (/usr/share/texmf-dist/tex/generic/oberdiek/ltxcmds.sty
Package: ltxcmds 2011/11/09 v1.22 LaTeX kernel commands for general use (HO)
)
\Gread@gobject=\count90
)
Package xcolor Info: Model `cmy' substituted by `cmy0' on input line 1337.
Package xcolor Info: Model `hsb' substituted by `rgb' on input line 1341.
Package xcolor Info: Model `RGB' extended on input line 1353.
Package xcolor Info: Model `HTML' substituted by `rgb' on input line 1355.
Package xcolor Info: Model `Hsb' substituted by `hsb' on input line 1356.
Package xcolor Info: Model `tHsb' substituted by `hsb' on input line 1357.
Package xcolor Info: Model `HSB' substituted by `hsb' on input line 1358.
Package xcolor Info: Model `Gray' substituted by `gray' on input line 1359.
Package xcolor Info: Model `wave' substituted by `hsb' on input line 1360.
) (/usr/share/texmf-dist/tex/latex/listings/listings.sty
\lst@mode=\count91
\lst@gtempboxa=\box26
\lst@token=\toks16
\lst@length=\count92
\lst@currlwidth=\dimen111
\lst@column=\count93
\lst@pos=\count94
\lst@lostspace=\dimen112
\lst@width=\dimen113
\lst@newlines=\count95
\lst@lineno=\count96
\lst@maxwidth=\dimen114
(/usr/share/texmf-dist/tex/latex/listings/lstmisc.sty
File: lstmisc.sty 2014/03/04 1.5c (Carsten Heinz)
\c@lstnumber=\count97
\lst@skipnumbers=\count98
\lst@framebox=\box27
) (/usr/share/texmf-dist/tex/latex/listings/listings.cfg
File: listings.cfg 2014/03/04 1.5c listings configuration
))
Package: listings 2014/03/04 1.5c (Carsten Heinz)
(/usr/share/texmf-dist/tex/latex/base/textcomp.sty
Package: textcomp 2005/09/27 v1.99g Standard LaTeX package
Package textcomp Info: Sub-encoding information:
(textcomp)               5 = only ISO-Adobe without \textcurrency
(textcomp)               4 = 5 + \texteuro
(textcomp)               3 = 4 + \textohm
(textcomp)               2 = 3 + \textestimated + \textcurrency
(textcomp)               1 = TS1 - \textcircled - \t
(textcomp)               0 = TS1 (full)
(textcomp)             Font families with sub-encoding setting implement
(textcomp)             only a restricted character set as indicated.
(textcomp)             Family '?' is the default used for unknown fonts.
(textcomp)             See the documentation for details.
Package textcomp Info: Setting ? sub-encoding to TS1/1 on input line 71.
(/usr/share/texmf-dist/tex/latex/base/ts1enc.def
File: ts1enc.def 2001/06/05 v3.0e (jk/car/fm) Standard LaTeX file
)
LaTeX Info: Redefining \oldstylenums on input line 266.
Package textcomp Info: Setting cmr sub-encoding to TS1/0 on input line 281.
Package textcomp Info: Setting cmss sub-encoding to TS1/0 on input line 282.
Package textcomp Info: Setting cmtt sub-encoding to TS1/0 on input line 283.
Package textcomp Info: Setting cmvtt sub-encoding to TS1/0 on input line 284.
Package textcomp Info: Setting cmbr sub-encoding to TS1/0 on input line 285.
Package textcomp Info: Setting cmtl sub-encoding to TS1/0 on input line 286.
Package textcomp Info: Setting ccr sub-encoding to TS1/0 on input line 287.
Package textcomp Info: Setting ptm sub-encoding to TS1/4 on input line 288.
Package textcomp Info: Setting pcr sub-encoding to TS1/4 on input line 289.
Package textcomp Info: Setting phv sub-encoding to TS1/4 on input line 290.
Package textcomp Info: Setting ppl sub-encoding to TS1/3 on input line 291.
Package textcomp Info: Setting pag sub-encoding to TS1/4 on input line 292.
Package textcomp Info: Setting pbk sub-encoding to TS1/4 on input line 293.
Package textcomp Info: Setting pnc sub-encoding to TS1/4 on input line 294.
Package textcomp Info: Setting pzc sub-encoding to TS1/4 on input line 295.
Package textcomp Info: Setting bch sub-encoding to TS1/4 on input line 296.
Package textcomp Info: Setting put sub-encoding to TS1/5 on input line 297.
Package textcomp Info: Setting uag sub-encoding to TS1/5 on input line 298.
Package textcomp Info: Setting ugq sub-encoding to TS1/5 on input line 299.
Package textcomp Info: Setting ul8 sub-encoding to TS1/4 on input line 300.
Package textcomp Info: Setting ul9 sub-encoding to TS1/4 on input line 301.
Package textcomp Info: Setting augie sub-encoding to TS1/5 on input line 302.
Package textcomp Info: Setting dayrom sub-encoding to TS1/3 on input line 303.
Package textcomp Info: Setting dayroms sub-encoding to TS1/3 on input line 304.
Package textcomp Info: Setting pxr sub-encoding to TS1/0 on input line 305.
Package textcomp Info: Setting pxss sub-encoding to TS1/0 on input line 306.
Package textcomp Info: Setting pxtt sub-encoding to TS1/0 on input line 307.
Package textcomp Info: Setting txr sub-encoding to TS1/0 on input line 308.
Package textcomp Info: Setting txss sub-encoding to TS1/0 on input line 309.
Package textcomp Info: Setting txtt sub-encoding to TS1/0 on input line 310.
Package textcomp Info: Setting lmr sub-encoding to TS1/0 on input line 311.
Package textcomp Info: Setting lmdh sub-encoding to TS1/0 on input line 312.
Package textcomp Info: Setting lmss sub-encoding to TS1/0 on input line 313.
Package textcomp Info: Setting lmssq sub-encoding to TS1/0 on input line 314.
Package textcomp Info: Setting lmvtt sub-encoding to TS1/0 on input line 315.
Package textcomp Info: Setting qhv sub-encoding to TS1/0 on input line 316.
Package textcomp Info: Setting qag sub-encoding to TS1/0 on input line 317.
Package textcomp Info: Setting qbk sub-encoding to TS1/0 on input line 318.
Package textcomp Info: Setting qcr sub-encoding to TS1/0 on input line 319.
Package textcomp Info: Setting qcs sub-encoding to TS1/0 on input line 320.
Package textcomp Info: Setting qpl sub-encoding to TS1/0 on input line 321.
Package textcomp Info: Setting qtm sub-encoding to TS1/0 on input line 322.
Package textcomp Info: Setting qzc sub-encoding to TS1/0 on input line 323.
Package textcomp Info: Setting qhvc sub-encoding to TS1/0 on input line 324.
Package textcomp Info: Setting futs sub-encoding to TS1/4 on input line 325.
Package textcomp Info: Setting futx sub-encoding to TS1/4 on input line 326.
Package textcomp Info: Setting futj sub-encoding to TS1/4 on input line 327.
Package textcomp Info: Setting hlh sub-encoding to TS1/3 on input line 328.
Package textcomp Info: Setting hls sub-encoding to TS1/3 on input line 329.
Package textcomp Info: Setting hlst sub-encoding to TS1/3 on input line 330.
Package textcomp Info: Setting hlct sub-encoding to TS1/5 on input line 331.
Package textcomp Info: Setting hlx sub-encoding to TS1/5 on input line 332.
Package textcomp Info: Setting hlce sub-encoding to TS1/5 on input line 333.
Package textcomp Info: Setting hlcn sub-encoding to TS1/5 on input line 334.
Package textcomp Info: Setting hlcw sub-encoding to TS1/5 on input line 335.
Package textcomp Info: Setting hlcf sub-encoding to TS1/5 on input line 336.
Package textcomp Info: Setting pplx sub-encoding to TS1/3 on input line 337.
Package textcomp Info: Setting pplj sub-encoding to TS1/3 on input line 338.
Package textcomp Info: Setting ptmx sub-encoding to TS1/4 on input line 339.
Package textcomp Info: Setting ptmj sub-encoding to TS1/4 on input line 340.
)
\lbreakdots=\box28
LaTeX Font Info:    Try loading font information for OT1+pcr on input line 227.
(/usr/share/texmf-dist/tex/latex/psnfss/ot1pcr.fd
File: ot1pcr.fd 2001/06/04 font definitions for OT1/pcr.
)) (/usr/share/texmf-dist/tex/latex/amsmath/amsmath.sty
Package: amsmath 2013/01/14 v2.14 AMS math features
\@mathmargin=\skip43
For additional information on amsmath, use the `?' option.
(/usr/share/texmf-dist/tex/latex/amsmath/amstext.sty
Package: amstext 2000/06/29 v2.01
(/usr/share/texmf-dist/tex/latex/amsmath/amsgen.sty
File: amsgen.sty 1999/11/30 v2.0
\@emptytoks=\toks17
\ex@=\dimen115
)) (/usr/share/texmf-dist/tex/latex/amsmath/amsbsy.sty
Package: amsbsy 1999/11/29 v1.2d
\pmbraise@=\dimen116
) (/usr/share/texmf-dist/tex/latex/amsmath/amsopn.sty
Package: amsopn 1999/12/14 v2.01 operator names
)
\inf@bad=\count99
LaTeX Info: Redefining \frac on input line 210.
\uproot@=\count100
\leftroot@=\count101
LaTeX Info: Redefining \overline on input line 306.
\classnum@=\count102
\DOTSCASE@=\count103
LaTeX Info: Redefining \ldots on input line 378.
LaTeX Info: Redefining \dots on input line 381.
LaTeX Info: Redefining \cdots on input line 466.
\Mathstrutbox@=\box29
\strutbox@=\box30
\big@size=\dimen117
LaTeX Font Info:    Redeclaring font encoding OML on input line 566.
LaTeX Font Info:    Redeclaring font encoding OMS on input line 567.
\macc@depth=\count104
\c@MaxMatrixCols=\count105
\dotsspace@=\muskip10
\c@parentequation=\count106
\dspbrk@lvl=\count107
\tag@help=\toks18
\row@=\count108
\column@=\count109
\maxfields@=\count110
\andhelp@=\toks19
\eqnshift@=\dimen118
\alignsep@=\dimen119
\tagshift@=\dimen120
\tagwidth@=\dimen121
\totwidth@=\dimen122
\lineht@=\dimen123
\@envbody=\toks20
\multlinegap=\skip44
\multlinetaggap=\skip45
\mathdisplay@stack=\toks21
LaTeX Info: Redefining \[ on input line 2665.
LaTeX Info: Redefining \] on input line 2666.
) (/usr/share/texmf-dist/tex/latex/amsfonts/amssymb.sty
Package: amssymb 2013/01/14 v3.01 AMS font symbols
(/usr/share/texmf-dist/tex/latex/amsfonts/amsfonts.sty
Package: amsfonts 2013/01/14 v3.01 Basic AMSFonts support
\symAMSa=\mathgroup4
\symAMSb=\mathgroup5
LaTeX Font Info:    Overwriting math alphabet `\mathfrak' in version `bold'
(Font)                  U/euf/m/n --> U/euf/b/n on input line 106.
)) (/usr/share/texmf-dist/tex/latex/graphics/graphicx.sty
Package: graphicx 2014/04/25 v1.0g Enhanced LaTeX Graphics (DPC,SPQR)
(/usr/share/texmf-dist/tex/latex/graphics/graphics.sty
Package: graphics 2009/02/05 v1.0o Standard LaTeX Graphics (DPC,SPQR)
(/usr/share/texmf-dist/tex/latex/graphics/trig.sty
Package: trig 1999/03/16 v1.09 sin cos tan (DPC)
) (/usr/share/texmf-dist/tex/latex/latexconfig/graphics.cfg
File: graphics.cfg 2010/04/23 v1.9 graphics configuration of TeX Live
)
Package graphics Info: Driver file: pdftex.def on input line 91.
)
\Gin@req@height=\dimen124
\Gin@req@width=\dimen125
) (/usr/share/texmf-dist/tex/latex/tools/enumerate.sty
Package: enumerate 1999/03/05 v3.00 enumerate extensions (DPC)
\@enLab=\toks22
) (/usr/share/texmf-dist/tex/latex/multirow/multirow.sty
\bigstrutjot=\dimen126
) (/usr/share/texmf-dist/tex/latex/ebgaramond/ebgaramond.sty
Package: ebgaramond 2014/07/07 (Bob Tennent and autoinst) Style file for EB Garamond fonts.
(/usr/share/texmf-dist/tex/generic/oberdiek/ifluatex.sty
Package: ifluatex 2010/03/01 v1.3 Provides the ifluatex switch (HO)
Package ifluatex Info: LuaTeX not detected.
) (/usr/share/texmf-dist/tex/latex/xkeyval/xkeyval.sty
Package: xkeyval 2014/05/25 v2.7 package option processing (HA)
(/usr/share/texmf-dist/tex/generic/xkeyval/xkeyval.tex (/usr/share/texmf-dist/tex/generic/xkeyval/xkvutils.tex
\XKV@toks=\toks23
\XKV@tempa@toks=\toks24
)
\XKV@depth=\count111
File: xkeyval.tex 2014/05/25 v2.7 key=value parser (HA)
)) (/usr/share/texmf-dist/tex/latex/base/fontenc.sty
Package: fontenc 2005/09/27 v1.99g Standard LaTeX package
) (/usr/share/texmf-dist/tex/latex/fontaxes/fontaxes.sty
Package: fontaxes 2014/03/23 v1.0d Font selection axes
LaTeX Info: Redefining \upshape on input line 29.
LaTeX Info: Redefining \itshape on input line 31.
LaTeX Info: Redefining \slshape on input line 33.
LaTeX Info: Redefining \scshape on input line 37.
)
LaTeX Info: Redefining \swshape on input line 133.
LaTeX Info: Redefining \oldstylenums on input line 148.
LaTeX Info: Redefining \textsw on input line 155.
) (/usr/share/texmf-dist/tex/latex/booktabs/booktabs.sty
Package: booktabs 2005/04/14 v1.61803 publication quality tables
\heavyrulewidth=\dimen127
\lightrulewidth=\dimen128
\cmidrulewidth=\dimen129
\belowrulesep=\dimen130
\belowbottomsep=\dimen131
\aboverulesep=\dimen132
\abovetopsep=\dimen133
\cmidrulesep=\dimen134
\cmidrulekern=\dimen135
\defaultaddspace=\dimen136
\@cmidla=\count112
\@cmidlb=\count113
\@aboverulesep=\dimen137
\@belowrulesep=\dimen138
\@thisruleclass=\count114
\@lastruleclass=\count115
\@thisrulewidth=\dimen139
) (/usr/share/texmf-dist/tex/latex/float/float.sty
Package: float 2001/11/08 v1.3d Float enhancements (AL)
\c@float@type=\count116
\float@exts=\toks25
\float@box=\box31
\@float@everytoks=\toks26
\@floatcapt=\box32
) (/usr/share/texmf-dist/tex/latex/hyperref/hyperref.sty
Package: hyperref 2012/11/06 v6.83m Hypertext links for LaTeX
(/usr/share/texmf-dist/tex/generic/oberdiek/hobsub-hyperref.sty
Package: hobsub-hyperref 2012/05/28 v1.13 Bundle oberdiek, subset hyperref (HO)
(/usr/share/texmf-dist/tex/generic/oberdiek/hobsub-generic.sty
Package: hobsub-generic 2012/05/28 v1.13 Bundle oberdiek, subset generic (HO)
Package: hobsub 2012/05/28 v1.13 Construct package bundles (HO)
Package hobsub Info: Skipping package `infwarerr' (already loaded).
Package hobsub Info: Skipping package `ltxcmds' (already loaded).
Package hobsub Info: Skipping package `ifluatex' (already loaded).
Package hobsub Info: Skipping package `ifvtex' (already loaded).
Package: intcalc 2007/09/27 v1.1 Expandable calculations with integers (HO)
Package hobsub Info: Skipping package `ifpdf' (already loaded).
Package: etexcmds 2011/02/16 v1.5 Avoid name clashes with e-TeX commands (HO)
Package etexcmds Info: Could not find \expanded.
(etexcmds)             That can mean that you are not using pdfTeX 1.50 or
(etexcmds)             that some package has redefined \expanded.
(etexcmds)             In the latter case, load this package earlier.
Package: kvsetkeys 2012/04/25 v1.16 Key value parser (HO)
Package: kvdefinekeys 2011/04/07 v1.3 Define keys (HO)
Package: pdftexcmds 2011/11/29 v0.20 Utility functions of pdfTeX for LuaTeX (HO)
Package pdftexcmds Info: LuaTeX not detected.
Package pdftexcmds Info: \pdf@primitive is available.
Package pdftexcmds Info: \pdf@ifprimitive is available.
Package pdftexcmds Info: \pdfdraftmode found.
Package: pdfescape 2011/11/25 v1.13 Implements pdfTeX's escape features (HO)
Package: bigintcalc 2012/04/08 v1.3 Expandable calculations on big integers (HO)
Package: bitset 2011/01/30 v1.1 Handle bit-vector datatype (HO)
Package: uniquecounter 2011/01/30 v1.2 Provide unlimited unique counter (HO)
)
Package hobsub Info: Skipping package `hobsub' (already loaded).
Package: letltxmacro 2010/09/02 v1.4 Let assignment for LaTeX macros (HO)
Package: hopatch 2012/05/28 v1.2 Wrapper for package hooks (HO)
Package: xcolor-patch 2011/01/30 xcolor patch
Package: atveryend 2011/06/30 v1.8 Hooks at the very end of document (HO)
Package atveryend Info: \enddocument detected (standard20110627).
Package: atbegshi 2011/10/05 v1.16 At begin shipout hook (HO)
Package: refcount 2011/10/16 v3.4 Data extraction from label references (HO)
Package: hycolor 2011/01/30 v1.7 Color options for hyperref/bookmark (HO)
) (/usr/share/texmf-dist/tex/latex/oberdiek/auxhook.sty
Package: auxhook 2011/03/04 v1.3 Hooks for auxiliary files (HO)
) (/usr/share/texmf-dist/tex/latex/oberdiek/kvoptions.sty
Package: kvoptions 2011/06/30 v3.11 Key value format for package options (HO)
)
\@linkdim=\dimen140
\Hy@linkcounter=\count117
\Hy@pagecounter=\count118
(/usr/share/texmf-dist/tex/latex/hyperref/pd1enc.def
File: pd1enc.def 2012/11/06 v6.83m Hyperref: PDFDocEncoding definition (HO)
)
\Hy@SavedSpaceFactor=\count119
(/usr/share/texmf-dist/tex/latex/latexconfig/hyperref.cfg
File: hyperref.cfg 2002/06/06 v1.2 hyperref configuration of TeXLive
)
Package hyperref Info: Hyper figures OFF on input line 4443.
Package hyperref Info: Link nesting OFF on input line 4448.
Package hyperref Info: Hyper index ON on input line 4451.
Package hyperref Info: Plain pages OFF on input line 4458.
Package hyperref Info: Backreferencing OFF on input line 4463.
Package hyperref Info: Implicit mode ON; LaTeX internals redefined.
Package hyperref Info: Bookmarks ON on input line 4688.
\c@Hy@tempcnt=\count120
(/usr/share/texmf-dist/tex/latex/url/url.sty
\Urlmuskip=\muskip11
Package: url 2013/09/16  ver 3.4  Verb mode for urls, etc.
)
LaTeX Info: Redefining \url on input line 5041.
\XeTeXLinkMargin=\dimen141
\Fld@menulength=\count121
\Field@Width=\dimen142
\Fld@charsize=\dimen143
Package hyperref Info: Hyper figures OFF on input line 6295.
Package hyperref Info: Link nesting OFF on input line 6300.
Package hyperref Info: Hyper index ON on input line 6303.
Package hyperref Info: backreferencing OFF on input line 6310.
Package hyperref Info: Link coloring OFF on input line 6315.
Package hyperref Info: Link coloring with OCG OFF on input line 6320.
Package hyperref Info: PDF/A mode OFF on input line 6325.
LaTeX Info: Redefining \ref on input line 6365.
LaTeX Info: Redefining \pageref on input line 6369.
\Hy@abspage=\count122
\c@Item=\count123
\c@Hfootnote=\count124
)

Package hyperref Message: Driver (autodetected): hpdftex.

(/usr/share/texmf-dist/tex/latex/hyperref/hpdftex.def
File: hpdftex.def 2012/11/06 v6.83m Hyperref driver for pdfTeX
\Fld@listcount=\count125
\c@bookmark@seq@number=\count126
(/usr/share/texmf-dist/tex/latex/oberdiek/rerunfilecheck.sty
Package: rerunfilecheck 2011/04/15 v1.7 Rerun checks for auxiliary files (HO)
Package uniquecounter Info: New unique counter `rerunfilecheck' on input line 282.
)
\Hy@SectionHShift=\skip46
) (/usr/share/texmf-dist/tex/latex/titlesec/titlesec.sty
Package: titlesec 2011/12/15 v2.10.0 Sectioning titles
\ttl@box=\box33
\beforetitleunit=\skip47
\aftertitleunit=\skip48
\ttl@plus=\dimen144
\ttl@minus=\dimen145
\ttl@toksa=\toks27
\titlewidth=\dimen146
\titlewidthlast=\dimen147
\titlewidthfirst=\dimen148
) (/usr/share/texmf-dist/tex/latex/fancyhdr/fancyhdr.sty
\fancy@headwidth=\skip49
\f@ncyO@elh=\skip50
\f@ncyO@erh=\skip51
\f@ncyO@olh=\skip52
\f@ncyO@orh=\skip53
\f@ncyO@elf=\skip54
\f@ncyO@erf=\skip55
\f@ncyO@olf=\skip56
\f@ncyO@orf=\skip57
)

Package Fancyhdr Warning: \fancyfoot's `E' option without twoside option is useless on input line 28.

(./lab_template.aux)
\openout1 = `lab_template.aux'.

LaTeX Font Info:    Checking defaults for OML/cmm/m/it on input line 51.
LaTeX Font Info:    ... okay on input line 51.
LaTeX Font Info:    Checking defaults for T1/cmr/m/n on input line 51.
LaTeX Font Info:    ... okay on input line 51.
LaTeX Font Info:    Checking defaults for OT1/cmr/m/n on input line 51.
LaTeX Font Info:    ... okay on input line 51.
LaTeX Font Info:    Checking defaults for OMS/cmsy/m/n on input line 51.
LaTeX Font Info:    ... okay on input line 51.
LaTeX Font Info:    Checking defaults for OMX/cmex/m/n on input line 51.
LaTeX Font Info:    ... okay on input line 51.
LaTeX Font Info:    Checking defaults for U/cmr/m/n on input line 51.
LaTeX Font Info:    ... okay on input line 51.
LaTeX Font Info:    Checking defaults for TS1/cmr/m/n on input line 51.
LaTeX Font Info:    Try loading font information for TS1+cmr on input line 51.
(/usr/share/texmf-dist/tex/latex/base/ts1cmr.fd
File: ts1cmr.fd 1999/05/25 v2.5h Standard LaTeX font definitions
)
LaTeX Font Info:    ... okay on input line 51.
LaTeX Font Info:    Checking defaults for PD1/pdf/m/n on input line 51.
LaTeX Font Info:    ... okay on input line 51.
LaTeX Font Info:    Try loading font information for OT1+EBGaramond-OsF on input line 51.
(/usr/share/texmf-dist/tex/latex/ebgaramond/OT1EBGaramond-OsF.fd
File: OT1EBGaramond-OsF.fd 2014/07/06 (autoinst) Font definitions for OT1/EBGaramond-OsF.
)
LaTeX Font Info:    Font shape `OT1/EBGaramond-OsF/m/n' will be
(Font)              scaled to size 10.0pt on input line 51.
*geometry* driver: auto-detecting
*geometry* detected driver: pdftex
*geometry* verbose mode - [ preamble ] result:
* driver: pdftex
* paper: <default>
* layout: <same size as paper>
* layoutoffset:(h,v)=(0.0pt,0.0pt)
* modes: 
* h-part:(L,W,R)=(54.2025pt, 505.89pt, 54.2025pt)
* v-part:(T,H,B)=(72.26999pt, 650.43001pt, 72.26999pt)
* \paperwidth=614.295pt
* \paperheight=794.96999pt
* \textwidth=505.89pt
* \textheight=650.43001pt
* \oddsidemargin=-18.06749pt
* \evensidemargin=-18.06749pt
* \topmargin=-37.0pt
* \headheight=12.0pt
* \headsep=25.0pt
* \topskip=10.0pt
* \footskip=30.0pt
* \marginparwidth=4.0pt
* \marginparsep=10.0pt
* \columnsep=20.0pt
* \skip\footins=9.0pt plus 4.0pt minus 2.0pt
* \hoffset=0.0pt
* \voffset=0.0pt
* \mag=1000
* \@twocolumntrue
* \@twosidefalse
* \@mparswitchfalse
* \@reversemarginfalse
* (1in=72.27pt=25.4mm, 1cm=28.453pt)

(/usr/share/texmf-dist/tex/context/base/supp-pdf.mkii
[Loading MPS to PDF converter (version 2006.09.02).]
\scratchcounter=\count127
\scratchdimen=\dimen149
\scratchbox=\box34
\nofMPsegments=\count128
\nofMParguments=\count129
\everyMPshowfont=\toks28
\MPscratchCnt=\count130
\MPscratchDim=\dimen150
\MPnumerator=\count131
\makeMPintoPDFobject=\count132
\everyMPtoPDFconversion=\toks29
)
\c@lstlisting=\count133
(/usr/share/texmf-dist/tex/latex/oberdiek/epstopdf-base.sty
Package: epstopdf-base 2010/02/09 v2.5 Base part for package epstopdf
(/usr/share/texmf-dist/tex/latex/oberdiek/grfext.sty
Package: grfext 2010/08/19 v1.1 Manage graphics extensions (HO)
)
Package grfext Info: Graphics extension search list:
(grfext)             [.png,.pdf,.jpg,.mps,.jpeg,.jbig2,.jb2,.PNG,.PDF,.JPG,.JPEG,.JBIG2,.JB2,.eps]
(grfext)             \AppendGraphicsExtensions on input line 452.
(/usr/share/texmf-dist/tex/latex/latexconfig/epstopdf-sys.cfg
File: epstopdf-sys.cfg 2010/07/13 v1.3 Configuration of (r)epstopdf for TeX Live
))
\c@mv@tabular=\count134
\c@mv@boldtabular=\count135
\AtBeginShipoutBox=\box35
Package hyperref Info: Link coloring OFF on input line 51.
(/usr/share/texmf-dist/tex/latex/hyperref/nameref.sty
Package: nameref 2012/10/27 v2.43 Cross-referencing by name of section
(/usr/share/texmf-dist/tex/generic/oberdiek/gettitlestring.sty
Package: gettitlestring 2010/12/03 v1.4 Cleanup title references (HO)
)
\c@section@level=\count136
)
LaTeX Info: Redefining \ref on input line 51.
LaTeX Info: Redefining \pageref on input line 51.
LaTeX Info: Redefining \nameref on input line 51.
(./lab_template.out) (./lab_template.out)
\@outlinefile=\write3
\openout3 = `lab_template.out'.

LaTeX Font Info:    Font shape `OT1/EBGaramond-OsF/m/n' will be
(Font)              scaled to size 17.28pt on input line 54.
LaTeX Font Info:    Font shape `OT1/EBGaramond-OsF/m/n' will be
(Font)              scaled to size 24.0pt on input line 54.
LaTeX Font Info:    Font shape `OT1/EBGaramond-OsF/bx/n' in size <24> not available
(Font)              Font shape `OT1/EBGaramond-OsF/m/n' tried instead on input line 54.
LaTeX Font Info:    Font shape `OT1/EBGaramond-OsF/m/n' will be
(Font)              scaled to size 24.0pt on input line 54.
LaTeX Font Info:    Font shape `OT1/EBGaramond-OsF/m/n' will be
(Font)              scaled to size 12.0pt on input line 54.
LaTeX Font Info:    Try loading font information for U+msa on input line 54.
(/usr/share/texmf-dist/tex/latex/amsfonts/umsa.fd
File: umsa.fd 2013/01/14 v3.01 AMS symbols A
)
LaTeX Font Info:    Try loading font information for U+msb on input line 54.
(/usr/share/texmf-dist/tex/latex/amsfonts/umsb.fd
File: umsb.fd 2013/01/14 v3.01 AMS symbols B
)
LaTeX Font Info:    Font shape `OT1/EBGaramond-OsF/m/sc' will be
(Font)              scaled to size 10.0pt on input line 54.
<images/robot.png, id=64, 803.0pt x 416.55624pt>
File: images/robot.png Graphic file (type png)
<use images/robot.png>
Package pdftex.def Info: images/robot.png used on input line 54.
(pdftex.def)             Requested size: 505.89pt x 262.43817pt.

Overfull \hbox (12.0pt too wide) in paragraph at lines 54--54
 [][] 
 []

[1


{/var/lib/texmf/fonts/map/pdftex/updmap/pdftex.map} <./images/robot.png>]
LaTeX Font Info:    Font shape `OT1/EBGaramond-OsF/m/n' will be
(Font)              scaled to size 14.4pt on input line 73.
LaTeX Font Info:    Font shape `OT1/EBGaramond-OsF/bx/n' in size <14.4> not available
(Font)              Font shape `OT1/EBGaramond-OsF/m/n' tried instead on input line 73.
LaTeX Font Info:    Font shape `OT1/EBGaramond-OsF/m/n' will be
(Font)              scaled to size 14.4pt on input line 73.
LaTeX Font Info:    Font shape `OT1/EBGaramond-OsF/bx/n' in size <12> not available
(Font)              Font shape `OT1/EBGaramond-OsF/m/n' tried instead on input line 82.
LaTeX Font Info:    Font shape `OT1/EBGaramond-OsF/m/n' will be
(Font)              scaled to size 12.0pt on input line 82.
<images/chassis.png, id=74, 501.875pt x 388.45125pt>
File: images/chassis.png Graphic file (type png)
<use images/chassis.png>
Package pdftex.def Info: images/chassis.png used on input line 93.
(pdftex.def)             Requested size: 199.16928pt x 154.15672pt.
<images/chassistop.png, id=77, 498.86375pt x 501.875pt>
File: images/chassistop.png Graphic file (type png)
<use images/chassistop.png>
Package pdftex.def Info: images/chassistop.png used on input line 99.
(pdftex.def)             Requested size: 170.71652pt x 171.74564pt.

Underfull \vbox (badness 1540) has occurred while \output is active []

pdfTeX warning (ext4): destination with the same identifier (name{page.1}) has been already used, duplicate ignored
<to be read again> 
                   \relax 
l.105 
       [1

 <./images/chassis.png> <./images/chassistop.png>] <images/suspover.png, id=88, 501.875pt x 340.27126pt>
File: images/suspover.png Graphic file (type png)
<use images/suspover.png>
Package pdftex.def Info: images/suspover.png used on input line 110.
(pdftex.def)             Requested size: 199.16928pt x 135.0365pt.
<images/suspdisp.png, id=90, 501.875pt x 403.5075pt>
File: images/suspdisp.png Graphic file (type png)
<use images/suspdisp.png>
Package pdftex.def Info: images/suspdisp.png used on input line 116.
(pdftex.def)             Requested size: 199.16928pt x 160.13179pt.
<images/swerve.jpg, id=92, 299.61937pt x 376.40625pt>
File: images/swerve.jpg Graphic file (type jpg)
<use images/swerve.jpg>
Package pdftex.def Info: images/swerve.jpg used on input line 123.
(pdftex.def)             Requested size: 170.71652pt x 214.47337pt.

Underfull \vbox (badness 1728) has occurred while \output is active []

<images/swerveexp.jpg, id=94, 376.40625pt x 243.15843pt>
File: images/swerveexp.jpg Graphic file (type jpg)
<use images/swerveexp.jpg>
Package pdftex.def Info: images/swerveexp.jpg used on input line 129.
(pdftex.def)             Requested size: 256.0748pt x 165.43459pt.

Overfull \hbox (13.1298pt too wide) in paragraph at lines 129--130
 [][] 
 []

[2 <./images/suspover.png> <./images/suspdisp.png> <./images/swerve.jpg> <./images/swerveexp.jpg>] <images/fealeg.jpg, id=110, 376.40625pt x 358.33875pt>
File: images/fealeg.jpg Graphic file (type jpg)
<use images/fealeg.jpg>
Package pdftex.def Info: images/fealeg.jpg used on input line 140.
(pdftex.def)             Requested size: 199.16928pt x 189.61243pt.
<images/feawheel.png, id=112, 501.875pt x 344.28625pt>
File: images/feawheel.png Graphic file (type png)
<use images/feawheel.png>
Package pdftex.def Info: images/feawheel.png used on input line 146.
(pdftex.def)             Requested size: 199.16928pt x 136.62985pt.

Underfull \hbox (badness 1348) in paragraph at lines 153--154
\OT1/EBGaramond-OsF/m/n/10 CAL-Rover's ma-nip-u-la-tor arm ben-e-fits from five degrees-of-
 []

<images/manip.png, id=114, 240.9pt x 210.0648pt>
File: images/manip.png Graphic file (type png)
<use images/manip.png>
Package pdftex.def Info: images/manip.png used on input line 157.
(pdftex.def)             Requested size: 227.62204pt x 198.49304pt.
[3 <./images/fealeg.jpg> <./images/feawheel.png> <./images/manip.png>] <images/manipdim.png, id=129, 240.9pt x 213.98695pt>
File: images/manipdim.png Graphic file (type png)
<use images/manipdim.png>
Package pdftex.def Info: images/manipdim.png used on input line 169.
(pdftex.def)             Requested size: 227.62204pt x 202.19914pt.
Missing character: There is no Â in font EBGaramond12-Regular-osf-ot1!
Missing character: There is no ° in font EBGaramond12-Regular-osf-ot1!
Missing character: There is no Â in font EBGaramond12-Regular-osf-ot1!
Missing character: There is no ° in font EBGaramond12-Regular-osf-ot1!
<images/endeff.png, id=131, 240.9pt x 256.13338pt>
File: images/endeff.png Graphic file (type png)
<use images/endeff.png>
Package pdftex.def Info: images/endeff.png used on input line 177.
(pdftex.def)             Requested size: 227.62204pt x 242.02386pt.
[4 <./images/manipdim.png> <./images/endeff.png>] <images/gui.png, id=143, 501.875pt x 304.13625pt>
File: images/gui.png Graphic file (type png)
<use images/gui.png>
Package pdftex.def Info: images/gui.png used on input line 188.
(pdftex.def)             Requested size: 256.0748pt x 155.18633pt.

Overfull \hbox (13.1298pt too wide) in paragraph at lines 188--189
 [][] 
 []

Missing character: There is no â in font EBGaramond12-Regular-osf-ot1!
Missing character: There is no ˆ in font EBGaramond12-Regular-osf-ot1!
Missing character: There is no ™ in font EBGaramond12-Regular-osf-ot1!

Underfull \vbox (badness 10000) has occurred while \output is active []

[5 <./images/gui.png>]
Missing character: There is no Â in font EBGaramond12-Regular-osf-ot1!
Missing character: There is no ° in font EBGaramond12-Regular-osf-ot1!
Missing character: There is no Â in font EBGaramond12-Regular-osf-ot1!
Missing character: There is no ° in font EBGaramond12-Regular-osf-ot1!
LaTeX Font Info:    Font shape `OT1/EBGaramond-OsF/bx/n' in size <10> not available
(Font)              Font shape `OT1/EBGaramond-OsF/m/n' tried instead on input line 212.
LaTeX Font Info:    Font shape `OT1/EBGaramond-OsF/m/n' will be
(Font)              scaled to size 10.0pt on input line 212.

Underfull \hbox (badness 10000) in alignment at lines 211--248
[][][]
 []


Underfull \hbox (badness 10000) in alignment at lines 265--298
[][][]
 []



pdfTeX warning: pdflatex: arithmetic: number too big
./lab_template.tex:306: Dimension too large.
<argument> \wd \@tempboxa 
                          
l.306 ...degraphics*[width = 4cm]{images/etch.jpg}
                                                  
I can't work with sizes bigger than about 19 feet.
Continue and I'll use the largest value I can.

./lab_template.tex:306: Dimension too large.
<argument> \ht \@tempboxa 
                          
l.306 ...degraphics*[width = 4cm]{images/etch.jpg}
                                                  
I can't work with sizes bigger than about 19 feet.
Continue and I'll use the largest value I can.

<images/etch.jpg, id=152, 36135.0pt x 27101.25pt>
File: images/etch.jpg Graphic file (type jpg)
<use images/etch.jpg>
Package pdftex.def Info: images/etch.jpg used on input line 306.
(pdftex.def)             Requested size: 113.81102pt x 113.74971pt.


pdfTeX warning: pdflatex: arithmetic: number too big
./lab_template.tex:307: Dimension too large.
<argument> \wd \@tempboxa 
                          
l.307 ...degraphics*[width = 4cm]{images/cory.jpg}
                                                  
I can't work with sizes bigger than about 19 feet.
Continue and I'll use the largest value I can.

./lab_template.tex:307: Dimension too large.
<argument> \ht \@tempboxa 
                          
l.307 ...degraphics*[width = 4cm]{images/cory.jpg}
                                                  
I can't work with sizes bigger than about 19 feet.
Continue and I'll use the largest value I can.

<images/cory.jpg, id=154, 36135.0pt x 27101.25pt>
File: images/cory.jpg Graphic file (type jpg)
<use images/cory.jpg>
Package pdftex.def Info: images/cory.jpg used on input line 307.
(pdftex.def)             Requested size: 113.81102pt x 113.74971pt.


pdfTeX warning: pdflatex: arithmetic: number too big
./lab_template.tex:308: Dimension too large.
<argument> \wd \@tempboxa 
                          
l.308 ...egraphics*[width = 5cm]{images/becht.jpg}
                                                  
I can't work with sizes bigger than about 19 feet.
Continue and I'll use the largest value I can.

./lab_template.tex:308: Dimension too large.
<argument> \ht \@tempboxa 
                          
l.308 ...egraphics*[width = 5cm]{images/becht.jpg}
                                                  
I can't work with sizes bigger than about 19 feet.
Continue and I'll use the largest value I can.

<images/becht.jpg, id=156, 36135.0pt x 27101.25pt>
File: images/becht.jpg Graphic file (type jpg)
<use images/becht.jpg>
Package pdftex.def Info: images/becht.jpg used on input line 308.
(pdftex.def)             Requested size: 142.26378pt x 142.24965pt.

Underfull \vbox (badness 10000) has occurred while \output is active []

[6 <./images/etch.jpg> <./images/cory.jpg> <./images/becht.jpg>]
Package atveryend Info: Empty hook `BeforeClearDocument' on input line 320.
[7

] [8]
Package atveryend Info: Empty hook `AfterLastShipout' on input line 320.
(./lab_template.aux)
Package atveryend Info: Executing hook `AtVeryEndDocument' on input line 320.
Package atveryend Info: Executing hook `AtEndAfterFileList' on input line 320.
Package rerunfilecheck Info: File `lab_template.out' has not changed.
(rerunfilecheck)             Checksum: 0F9F05B71DCC3FB541C246F1C7F5049F;878.
Package atveryend Info: Empty hook `AtVeryVeryEnd' on input line 320.
 ) 
Here is how much of TeX's memory you used:
 9844 strings out of 493108
 140777 string characters out of 6140725
 251161 words of memory out of 5000000
 13100 multiletter control sequences out of 15000+600000
 16696 words of font info for 53 fonts, out of 8000000 for 9000
 1141 hyphenation exceptions out of 8191
 33i,11n,43p,1670b,373s stack positions out of 5000i,500n,10000p,200000b,80000s
{/usr/share/texmf-dist/fonts/enc/dvips/ebgaramond/ebgm_kzajuf.enc}{/usr/share/texmf-dist/fonts/enc/dvips/ebgaramond/ebgm_l5duak.enc}</usr/share/texmf-dist/fonts/type1/public/ebgaramond/EBGaramond12-Regular.pfb></usr/share/texmf-dist/fonts/type1/public/amsfonts/cm/cmmi10.pfb></usr/share/texmf-dist/fonts/type1/public/amsfonts/cm/cmr10.pfb>
Output written on lab_template.pdf (9 pages, 1863742 bytes).
PDF statistics:
 205 PDF objects out of 1000 (max. 8388607)
 149 compressed objects within 2 object streams
 39 named destinations out of 1000 (max. 500000)
 297 words of extra memory for PDF output out of 10000 (max. 10000000)

